CRITICAL - 2025-11-10 01:34:51 --> TypeError: App\Controllers\AdministradorController::index(): Return value must be of type string, none returned
[Method: POST, Route: iniciar_sesion]
in APPPATH\Controllers\AdministradorController.php on line 18.
 1 SYSTEMPATH\CodeIgniter.php(933): App\Controllers\AdministradorController->index()
 2 SYSTEMPATH\CodeIgniter.php(507): CodeIgniter\CodeIgniter->runController(Object(App\Controllers\AdministradorController))
 3 SYSTEMPATH\CodeIgniter.php(354): CodeIgniter\CodeIgniter->handleRequest(null, Object(Config\Cache), false)
 4 SYSTEMPATH\Boot.php(363): CodeIgniter\CodeIgniter->run()
 5 SYSTEMPATH\Boot.php(68): CodeIgniter\Boot::runCodeIgniter(Object(CodeIgniter\CodeIgniter))
 6 FCPATH\index.php(59): CodeIgniter\Boot::bootWeb(Object(Config\Paths))
CRITICAL - 2025-11-10 02:26:13 --> Error: Class "App\Controllers\UsuariosModel" not found
[Method: POST, Route: iniciar_sesion]
in APPPATH\Controllers\AdministradorController.php on line 15.
 1 SYSTEMPATH\CodeIgniter.php(933): App\Controllers\AdministradorController->index()
 2 SYSTEMPATH\CodeIgniter.php(507): CodeIgniter\CodeIgniter->runController(Object(App\Controllers\AdministradorController))
 3 SYSTEMPATH\CodeIgniter.php(354): CodeIgniter\CodeIgniter->handleRequest(null, Object(Config\Cache), false)
 4 SYSTEMPATH\Boot.php(363): CodeIgniter\CodeIgniter->run()
 5 SYSTEMPATH\Boot.php(68): CodeIgniter\Boot::runCodeIgniter(Object(CodeIgniter\CodeIgniter))
 6 FCPATH\index.php(59): CodeIgniter\Boot::bootWeb(Object(Config\Paths))
CRITICAL - 2025-11-10 02:26:51 --> Error: Class "App\Controllers\UsuariosModel" not found
[Method: POST, Route: iniciar_sesion]
in APPPATH\Controllers\AdministradorController.php on line 15.
 1 SYSTEMPATH\CodeIgniter.php(933): App\Controllers\AdministradorController->index()
 2 SYSTEMPATH\CodeIgniter.php(507): CodeIgniter\CodeIgniter->runController(Object(App\Controllers\AdministradorController))
 3 SYSTEMPATH\CodeIgniter.php(354): CodeIgniter\CodeIgniter->handleRequest(null, Object(Config\Cache), false)
 4 SYSTEMPATH\Boot.php(363): CodeIgniter\CodeIgniter->run()
 5 SYSTEMPATH\Boot.php(68): CodeIgniter\Boot::runCodeIgniter(Object(CodeIgniter\CodeIgniter))
 6 FCPATH\index.php(59): CodeIgniter\Boot::bootWeb(Object(Config\Paths))
ERROR - 2025-11-10 02:27:41 --> Error connecting to the database: mysqli_sql_exception: Access denied for user 'root'@'localhost' (using password: YES) in C:\xampppp\htdocs\ProyectoFinal\system\Database\MySQLi\Connection.php:201
Stack trace:
#0 C:\xampppp\htdocs\ProyectoFinal\system\Database\MySQLi\Connection.php(201): mysqli->real_connect('localhost', 'root', Object(SensitiveParameterValue), 'bd_furiagol', 3306, '', 0)
#1 C:\xampppp\htdocs\ProyectoFinal\system\Database\BaseConnection.php(419): CodeIgniter\Database\MySQLi\Connection->connect(false)
#2 C:\xampppp\htdocs\ProyectoFinal\system\Database\BaseConnection.php(614): CodeIgniter\Database\BaseConnection->initialize()
#3 C:\xampppp\htdocs\ProyectoFinal\system\Database\BaseBuilder.php(1649): CodeIgniter\Database\BaseConnection->query('SELECT *\nFROM `...', Array, false)
#4 C:\xampppp\htdocs\ProyectoFinal\system\Model.php(330): CodeIgniter\Database\BaseBuilder->get()
#5 C:\xampppp\htdocs\ProyectoFinal\system\BaseModel.php(715): CodeIgniter\Model->doFirst()
#6 C:\xampppp\htdocs\ProyectoFinal\app\Controllers\AdministradorController.php(19): CodeIgniter\BaseModel->first()
#7 C:\xampppp\htdocs\ProyectoFinal\system\CodeIgniter.php(933): App\Controllers\AdministradorController->index()
#8 C:\xampppp\htdocs\ProyectoFinal\system\CodeIgniter.php(507): CodeIgniter\CodeIgniter->runController(Object(App\Controllers\AdministradorController))
#9 C:\xampppp\htdocs\ProyectoFinal\system\CodeIgniter.php(354): CodeIgniter\CodeIgniter->handleRequest(NULL, Object(Config\Cache), false)
#10 C:\xampppp\htdocs\ProyectoFinal\system\Boot.php(363): CodeIgniter\CodeIgniter->run()
#11 C:\xampppp\htdocs\ProyectoFinal\system\Boot.php(68): CodeIgniter\Boot::runCodeIgniter(Object(CodeIgniter\CodeIgniter))
#12 C:\xampppp\htdocs\ProyectoFinal\public\index.php(59): CodeIgniter\Boot::bootWeb(Object(Config\Paths))
#13 {main}

Next CodeIgniter\Database\Exceptions\DatabaseException: Access denied for user '****'@'localhost' (using password: YES) in C:\xampppp\htdocs\ProyectoFinal\system\Database\MySQLi\Connection.php:246
Stack trace:
#0 C:\xampppp\htdocs\ProyectoFinal\system\Database\BaseConnection.php(419): CodeIgniter\Database\MySQLi\Connection->connect(false)
#1 C:\xampppp\htdocs\ProyectoFinal\system\Database\BaseConnection.php(614): CodeIgniter\Database\BaseConnection->initialize()
#2 C:\xampppp\htdocs\ProyectoFinal\system\Database\BaseBuilder.php(1649): CodeIgniter\Database\BaseConnection->query('SELECT *\nFROM `...', Array, false)
#3 C:\xampppp\htdocs\ProyectoFinal\system\Model.php(330): CodeIgniter\Database\BaseBuilder->get()
#4 C:\xampppp\htdocs\ProyectoFinal\system\BaseModel.php(715): CodeIgniter\Model->doFirst()
#5 C:\xampppp\htdocs\ProyectoFinal\app\Controllers\AdministradorController.php(19): CodeIgniter\BaseModel->first()
#6 C:\xampppp\htdocs\ProyectoFinal\system\CodeIgniter.php(933): App\Controllers\AdministradorController->index()
#7 C:\xampppp\htdocs\ProyectoFinal\system\CodeIgniter.php(507): CodeIgniter\CodeIgniter->runController(Object(App\Controllers\AdministradorController))
#8 C:\xampppp\htdocs\ProyectoFinal\system\CodeIgniter.php(354): CodeIgniter\CodeIgniter->handleRequest(NULL, Object(Config\Cache), false)
#9 C:\xampppp\htdocs\ProyectoFinal\system\Boot.php(363): CodeIgniter\CodeIgniter->run()
#10 C:\xampppp\htdocs\ProyectoFinal\system\Boot.php(68): CodeIgniter\Boot::runCodeIgniter(Object(CodeIgniter\CodeIgniter))
#11 C:\xampppp\htdocs\ProyectoFinal\public\index.php(59): CodeIgniter\Boot::bootWeb(Object(Config\Paths))
#12 {main}
CRITICAL - 2025-11-10 02:27:41 --> CodeIgniter\Database\Exceptions\DatabaseException: Unable to connect to the database.
Main connection [MySQLi]: Access denied for user '****'@'localhost' (using password: YES)
[Method: POST, Route: iniciar_sesion]
in SYSTEMPATH\Database\BaseConnection.php on line 465.
 1 SYSTEMPATH\Database\BaseConnection.php(614): CodeIgniter\Database\BaseConnection->initialize()
 2 SYSTEMPATH\Database\BaseBuilder.php(1649): CodeIgniter\Database\BaseConnection->query('SELECT *
FROM `administrador`
WHERE `email` = :email:
AND `password` = :password:
 LIMIT 1', [...], false)
 3 SYSTEMPATH\Model.php(330): CodeIgniter\Database\BaseBuilder->get()
 4 SYSTEMPATH\BaseModel.php(715): CodeIgniter\Model->doFirst()
 5 APPPATH\Controllers\AdministradorController.php(19): CodeIgniter\BaseModel->first()
 6 SYSTEMPATH\CodeIgniter.php(933): App\Controllers\AdministradorController->index()
 7 SYSTEMPATH\CodeIgniter.php(507): CodeIgniter\CodeIgniter->runController(Object(App\Controllers\AdministradorController))
 8 SYSTEMPATH\CodeIgniter.php(354): CodeIgniter\CodeIgniter->handleRequest(null, Object(Config\Cache), false)
 9 SYSTEMPATH\Boot.php(363): CodeIgniter\CodeIgniter->run()
10 SYSTEMPATH\Boot.php(68): CodeIgniter\Boot::runCodeIgniter(Object(CodeIgniter\CodeIgniter))
11 FCPATH\index.php(59): CodeIgniter\Boot::bootWeb(Object(Config\Paths))
ERROR - 2025-11-10 02:28:29 --> Error connecting to the database: mysqli_sql_exception: Access denied for user 'root'@'localhost' (using password: YES) in C:\xampppp\htdocs\ProyectoFinal\system\Database\MySQLi\Connection.php:201
Stack trace:
#0 C:\xampppp\htdocs\ProyectoFinal\system\Database\MySQLi\Connection.php(201): mysqli->real_connect('localhost', 'root', Object(SensitiveParameterValue), 'bd_furiagol', 3306, '', 0)
#1 C:\xampppp\htdocs\ProyectoFinal\system\Database\BaseConnection.php(419): CodeIgniter\Database\MySQLi\Connection->connect(false)
#2 C:\xampppp\htdocs\ProyectoFinal\system\Database\BaseConnection.php(614): CodeIgniter\Database\BaseConnection->initialize()
#3 C:\xampppp\htdocs\ProyectoFinal\system\Database\BaseBuilder.php(1649): CodeIgniter\Database\BaseConnection->query('SELECT *\nFROM `...', Array, false)
#4 C:\xampppp\htdocs\ProyectoFinal\system\Model.php(330): CodeIgniter\Database\BaseBuilder->get()
#5 C:\xampppp\htdocs\ProyectoFinal\system\BaseModel.php(715): CodeIgniter\Model->doFirst()
#6 C:\xampppp\htdocs\ProyectoFinal\app\Controllers\AdministradorController.php(19): CodeIgniter\BaseModel->first()
#7 C:\xampppp\htdocs\ProyectoFinal\system\CodeIgniter.php(933): App\Controllers\AdministradorController->index()
#8 C:\xampppp\htdocs\ProyectoFinal\system\CodeIgniter.php(507): CodeIgniter\CodeIgniter->runController(Object(App\Controllers\AdministradorController))
#9 C:\xampppp\htdocs\ProyectoFinal\system\CodeIgniter.php(354): CodeIgniter\CodeIgniter->handleRequest(NULL, Object(Config\Cache), false)
#10 C:\xampppp\htdocs\ProyectoFinal\system\Boot.php(363): CodeIgniter\CodeIgniter->run()
#11 C:\xampppp\htdocs\ProyectoFinal\system\Boot.php(68): CodeIgniter\Boot::runCodeIgniter(Object(CodeIgniter\CodeIgniter))
#12 C:\xampppp\htdocs\ProyectoFinal\public\index.php(59): CodeIgniter\Boot::bootWeb(Object(Config\Paths))
#13 {main}

Next CodeIgniter\Database\Exceptions\DatabaseException: Access denied for user '****'@'localhost' (using password: YES) in C:\xampppp\htdocs\ProyectoFinal\system\Database\MySQLi\Connection.php:246
Stack trace:
#0 C:\xampppp\htdocs\ProyectoFinal\system\Database\BaseConnection.php(419): CodeIgniter\Database\MySQLi\Connection->connect(false)
#1 C:\xampppp\htdocs\ProyectoFinal\system\Database\BaseConnection.php(614): CodeIgniter\Database\BaseConnection->initialize()
#2 C:\xampppp\htdocs\ProyectoFinal\system\Database\BaseBuilder.php(1649): CodeIgniter\Database\BaseConnection->query('SELECT *\nFROM `...', Array, false)
#3 C:\xampppp\htdocs\ProyectoFinal\system\Model.php(330): CodeIgniter\Database\BaseBuilder->get()
#4 C:\xampppp\htdocs\ProyectoFinal\system\BaseModel.php(715): CodeIgniter\Model->doFirst()
#5 C:\xampppp\htdocs\ProyectoFinal\app\Controllers\AdministradorController.php(19): CodeIgniter\BaseModel->first()
#6 C:\xampppp\htdocs\ProyectoFinal\system\CodeIgniter.php(933): App\Controllers\AdministradorController->index()
#7 C:\xampppp\htdocs\ProyectoFinal\system\CodeIgniter.php(507): CodeIgniter\CodeIgniter->runController(Object(App\Controllers\AdministradorController))
#8 C:\xampppp\htdocs\ProyectoFinal\system\CodeIgniter.php(354): CodeIgniter\CodeIgniter->handleRequest(NULL, Object(Config\Cache), false)
#9 C:\xampppp\htdocs\ProyectoFinal\system\Boot.php(363): CodeIgniter\CodeIgniter->run()
#10 C:\xampppp\htdocs\ProyectoFinal\system\Boot.php(68): CodeIgniter\Boot::runCodeIgniter(Object(CodeIgniter\CodeIgniter))
#11 C:\xampppp\htdocs\ProyectoFinal\public\index.php(59): CodeIgniter\Boot::bootWeb(Object(Config\Paths))
#12 {main}
CRITICAL - 2025-11-10 02:28:29 --> CodeIgniter\Database\Exceptions\DatabaseException: Unable to connect to the database.
Main connection [MySQLi]: Access denied for user '****'@'localhost' (using password: YES)
[Method: POST, Route: iniciar_sesion]
in SYSTEMPATH\Database\BaseConnection.php on line 465.
 1 SYSTEMPATH\Database\BaseConnection.php(614): CodeIgniter\Database\BaseConnection->initialize()
 2 SYSTEMPATH\Database\BaseBuilder.php(1649): CodeIgniter\Database\BaseConnection->query('SELECT *
FROM `administrador`
WHERE `email` = :email:
AND `password` = :password:
 LIMIT 1', [...], false)
 3 SYSTEMPATH\Model.php(330): CodeIgniter\Database\BaseBuilder->get()
 4 SYSTEMPATH\BaseModel.php(715): CodeIgniter\Model->doFirst()
 5 APPPATH\Controllers\AdministradorController.php(19): CodeIgniter\BaseModel->first()
 6 SYSTEMPATH\CodeIgniter.php(933): App\Controllers\AdministradorController->index()
 7 SYSTEMPATH\CodeIgniter.php(507): CodeIgniter\CodeIgniter->runController(Object(App\Controllers\AdministradorController))
 8 SYSTEMPATH\CodeIgniter.php(354): CodeIgniter\CodeIgniter->handleRequest(null, Object(Config\Cache), false)
 9 SYSTEMPATH\Boot.php(363): CodeIgniter\CodeIgniter->run()
10 SYSTEMPATH\Boot.php(68): CodeIgniter\Boot::runCodeIgniter(Object(CodeIgniter\CodeIgniter))
11 FCPATH\index.php(59): CodeIgniter\Boot::bootWeb(Object(Config\Paths))
ERROR - 2025-11-10 02:35:32 --> Error connecting to the database: mysqli_sql_exception: Access denied for user 'root'@'localhost' (using password: YES) in C:\xampppp\htdocs\ProyectoFinal\system\Database\MySQLi\Connection.php:201
Stack trace:
#0 C:\xampppp\htdocs\ProyectoFinal\system\Database\MySQLi\Connection.php(201): mysqli->real_connect('localhost', 'root', Object(SensitiveParameterValue), 'bd_furiagol', 3306, '', 0)
#1 C:\xampppp\htdocs\ProyectoFinal\system\Database\BaseConnection.php(419): CodeIgniter\Database\MySQLi\Connection->connect(false)
#2 C:\xampppp\htdocs\ProyectoFinal\system\Database\BaseConnection.php(614): CodeIgniter\Database\BaseConnection->initialize()
#3 C:\xampppp\htdocs\ProyectoFinal\system\Database\BaseBuilder.php(1649): CodeIgniter\Database\BaseConnection->query('SELECT *\nFROM `...', Array, false)
#4 C:\xampppp\htdocs\ProyectoFinal\system\Model.php(330): CodeIgniter\Database\BaseBuilder->get()
#5 C:\xampppp\htdocs\ProyectoFinal\system\BaseModel.php(715): CodeIgniter\Model->doFirst()
#6 C:\xampppp\htdocs\ProyectoFinal\app\Controllers\AdministradorController.php(19): CodeIgniter\BaseModel->first()
#7 C:\xampppp\htdocs\ProyectoFinal\system\CodeIgniter.php(933): App\Controllers\AdministradorController->index()
#8 C:\xampppp\htdocs\ProyectoFinal\system\CodeIgniter.php(507): CodeIgniter\CodeIgniter->runController(Object(App\Controllers\AdministradorController))
#9 C:\xampppp\htdocs\ProyectoFinal\system\CodeIgniter.php(354): CodeIgniter\CodeIgniter->handleRequest(NULL, Object(Config\Cache), false)
#10 C:\xampppp\htdocs\ProyectoFinal\system\Boot.php(363): CodeIgniter\CodeIgniter->run()
#11 C:\xampppp\htdocs\ProyectoFinal\system\Boot.php(68): CodeIgniter\Boot::runCodeIgniter(Object(CodeIgniter\CodeIgniter))
#12 C:\xampppp\htdocs\ProyectoFinal\public\index.php(59): CodeIgniter\Boot::bootWeb(Object(Config\Paths))
#13 {main}

Next CodeIgniter\Database\Exceptions\DatabaseException: Access denied for user '****'@'localhost' (using password: YES) in C:\xampppp\htdocs\ProyectoFinal\system\Database\MySQLi\Connection.php:246
Stack trace:
#0 C:\xampppp\htdocs\ProyectoFinal\system\Database\BaseConnection.php(419): CodeIgniter\Database\MySQLi\Connection->connect(false)
#1 C:\xampppp\htdocs\ProyectoFinal\system\Database\BaseConnection.php(614): CodeIgniter\Database\BaseConnection->initialize()
#2 C:\xampppp\htdocs\ProyectoFinal\system\Database\BaseBuilder.php(1649): CodeIgniter\Database\BaseConnection->query('SELECT *\nFROM `...', Array, false)
#3 C:\xampppp\htdocs\ProyectoFinal\system\Model.php(330): CodeIgniter\Database\BaseBuilder->get()
#4 C:\xampppp\htdocs\ProyectoFinal\system\BaseModel.php(715): CodeIgniter\Model->doFirst()
#5 C:\xampppp\htdocs\ProyectoFinal\app\Controllers\AdministradorController.php(19): CodeIgniter\BaseModel->first()
#6 C:\xampppp\htdocs\ProyectoFinal\system\CodeIgniter.php(933): App\Controllers\AdministradorController->index()
#7 C:\xampppp\htdocs\ProyectoFinal\system\CodeIgniter.php(507): CodeIgniter\CodeIgniter->runController(Object(App\Controllers\AdministradorController))
#8 C:\xampppp\htdocs\ProyectoFinal\system\CodeIgniter.php(354): CodeIgniter\CodeIgniter->handleRequest(NULL, Object(Config\Cache), false)
#9 C:\xampppp\htdocs\ProyectoFinal\system\Boot.php(363): CodeIgniter\CodeIgniter->run()
#10 C:\xampppp\htdocs\ProyectoFinal\system\Boot.php(68): CodeIgniter\Boot::runCodeIgniter(Object(CodeIgniter\CodeIgniter))
#11 C:\xampppp\htdocs\ProyectoFinal\public\index.php(59): CodeIgniter\Boot::bootWeb(Object(Config\Paths))
#12 {main}
CRITICAL - 2025-11-10 02:35:32 --> CodeIgniter\Database\Exceptions\DatabaseException: Unable to connect to the database.
Main connection [MySQLi]: Access denied for user '****'@'localhost' (using password: YES)
[Method: POST, Route: iniciar_sesion]
in SYSTEMPATH\Database\BaseConnection.php on line 465.
 1 SYSTEMPATH\Database\BaseConnection.php(614): CodeIgniter\Database\BaseConnection->initialize()
 2 SYSTEMPATH\Database\BaseBuilder.php(1649): CodeIgniter\Database\BaseConnection->query('SELECT *
FROM `administrador`
WHERE `email` = :email:
AND `password` = :password:
 LIMIT 1', [...], false)
 3 SYSTEMPATH\Model.php(330): CodeIgniter\Database\BaseBuilder->get()
 4 SYSTEMPATH\BaseModel.php(715): CodeIgniter\Model->doFirst()
 5 APPPATH\Controllers\AdministradorController.php(19): CodeIgniter\BaseModel->first()
 6 SYSTEMPATH\CodeIgniter.php(933): App\Controllers\AdministradorController->index()
 7 SYSTEMPATH\CodeIgniter.php(507): CodeIgniter\CodeIgniter->runController(Object(App\Controllers\AdministradorController))
 8 SYSTEMPATH\CodeIgniter.php(354): CodeIgniter\CodeIgniter->handleRequest(null, Object(Config\Cache), false)
 9 SYSTEMPATH\Boot.php(363): CodeIgniter\CodeIgniter->run()
10 SYSTEMPATH\Boot.php(68): CodeIgniter\Boot::runCodeIgniter(Object(CodeIgniter\CodeIgniter))
11 FCPATH\index.php(59): CodeIgniter\Boot::bootWeb(Object(Config\Paths))
ERROR - 2025-11-10 02:39:26 --> Error connecting to the database: mysqli_sql_exception: Access denied for user 'root'@'localhost' (using password: YES) in C:\xampppp\htdocs\ProyectoFinal\system\Database\MySQLi\Connection.php:201
Stack trace:
#0 C:\xampppp\htdocs\ProyectoFinal\system\Database\MySQLi\Connection.php(201): mysqli->real_connect('localhost', 'root', Object(SensitiveParameterValue), 'bd_furiagol', 3306, '', 0)
#1 C:\xampppp\htdocs\ProyectoFinal\system\Database\BaseConnection.php(419): CodeIgniter\Database\MySQLi\Connection->connect(false)
#2 C:\xampppp\htdocs\ProyectoFinal\system\Database\BaseConnection.php(614): CodeIgniter\Database\BaseConnection->initialize()
#3 C:\xampppp\htdocs\ProyectoFinal\system\Database\BaseBuilder.php(1649): CodeIgniter\Database\BaseConnection->query('SELECT *\nFROM `...', Array, false)
#4 C:\xampppp\htdocs\ProyectoFinal\system\Model.php(330): CodeIgniter\Database\BaseBuilder->get()
#5 C:\xampppp\htdocs\ProyectoFinal\system\BaseModel.php(715): CodeIgniter\Model->doFirst()
#6 C:\xampppp\htdocs\ProyectoFinal\app\Controllers\AdministradorController.php(19): CodeIgniter\BaseModel->first()
#7 C:\xampppp\htdocs\ProyectoFinal\system\CodeIgniter.php(933): App\Controllers\AdministradorController->index()
#8 C:\xampppp\htdocs\ProyectoFinal\system\CodeIgniter.php(507): CodeIgniter\CodeIgniter->runController(Object(App\Controllers\AdministradorController))
#9 C:\xampppp\htdocs\ProyectoFinal\system\CodeIgniter.php(354): CodeIgniter\CodeIgniter->handleRequest(NULL, Object(Config\Cache), false)
#10 C:\xampppp\htdocs\ProyectoFinal\system\Boot.php(363): CodeIgniter\CodeIgniter->run()
#11 C:\xampppp\htdocs\ProyectoFinal\system\Boot.php(68): CodeIgniter\Boot::runCodeIgniter(Object(CodeIgniter\CodeIgniter))
#12 C:\xampppp\htdocs\ProyectoFinal\public\index.php(59): CodeIgniter\Boot::bootWeb(Object(Config\Paths))
#13 {main}

Next CodeIgniter\Database\Exceptions\DatabaseException: Access denied for user '****'@'localhost' (using password: YES) in C:\xampppp\htdocs\ProyectoFinal\system\Database\MySQLi\Connection.php:246
Stack trace:
#0 C:\xampppp\htdocs\ProyectoFinal\system\Database\BaseConnection.php(419): CodeIgniter\Database\MySQLi\Connection->connect(false)
#1 C:\xampppp\htdocs\ProyectoFinal\system\Database\BaseConnection.php(614): CodeIgniter\Database\BaseConnection->initialize()
#2 C:\xampppp\htdocs\ProyectoFinal\system\Database\BaseBuilder.php(1649): CodeIgniter\Database\BaseConnection->query('SELECT *\nFROM `...', Array, false)
#3 C:\xampppp\htdocs\ProyectoFinal\system\Model.php(330): CodeIgniter\Database\BaseBuilder->get()
#4 C:\xampppp\htdocs\ProyectoFinal\system\BaseModel.php(715): CodeIgniter\Model->doFirst()
#5 C:\xampppp\htdocs\ProyectoFinal\app\Controllers\AdministradorController.php(19): CodeIgniter\BaseModel->first()
#6 C:\xampppp\htdocs\ProyectoFinal\system\CodeIgniter.php(933): App\Controllers\AdministradorController->index()
#7 C:\xampppp\htdocs\ProyectoFinal\system\CodeIgniter.php(507): CodeIgniter\CodeIgniter->runController(Object(App\Controllers\AdministradorController))
#8 C:\xampppp\htdocs\ProyectoFinal\system\CodeIgniter.php(354): CodeIgniter\CodeIgniter->handleRequest(NULL, Object(Config\Cache), false)
#9 C:\xampppp\htdocs\ProyectoFinal\system\Boot.php(363): CodeIgniter\CodeIgniter->run()
#10 C:\xampppp\htdocs\ProyectoFinal\system\Boot.php(68): CodeIgniter\Boot::runCodeIgniter(Object(CodeIgniter\CodeIgniter))
#11 C:\xampppp\htdocs\ProyectoFinal\public\index.php(59): CodeIgniter\Boot::bootWeb(Object(Config\Paths))
#12 {main}
CRITICAL - 2025-11-10 02:39:26 --> CodeIgniter\Database\Exceptions\DatabaseException: Unable to connect to the database.
Main connection [MySQLi]: Access denied for user '****'@'localhost' (using password: YES)
[Method: POST, Route: iniciar_sesion]
in SYSTEMPATH\Database\BaseConnection.php on line 465.
 1 SYSTEMPATH\Database\BaseConnection.php(614): CodeIgniter\Database\BaseConnection->initialize()
 2 SYSTEMPATH\Database\BaseBuilder.php(1649): CodeIgniter\Database\BaseConnection->query('SELECT *
FROM `administrador`
WHERE `email` = :email:
AND `password` = :password:
 LIMIT 1', [...], false)
 3 SYSTEMPATH\Model.php(330): CodeIgniter\Database\BaseBuilder->get()
 4 SYSTEMPATH\BaseModel.php(715): CodeIgniter\Model->doFirst()
 5 APPPATH\Controllers\AdministradorController.php(19): CodeIgniter\BaseModel->first()
 6 SYSTEMPATH\CodeIgniter.php(933): App\Controllers\AdministradorController->index()
 7 SYSTEMPATH\CodeIgniter.php(507): CodeIgniter\CodeIgniter->runController(Object(App\Controllers\AdministradorController))
 8 SYSTEMPATH\CodeIgniter.php(354): CodeIgniter\CodeIgniter->handleRequest(null, Object(Config\Cache), false)
 9 SYSTEMPATH\Boot.php(363): CodeIgniter\CodeIgniter->run()
10 SYSTEMPATH\Boot.php(68): CodeIgniter\Boot::runCodeIgniter(Object(CodeIgniter\CodeIgniter))
11 FCPATH\index.php(59): CodeIgniter\Boot::bootWeb(Object(Config\Paths))
ERROR - 2025-11-10 02:39:43 --> Error connecting to the database: mysqli_sql_exception: Access denied for user 'root'@'localhost' (using password: YES) in C:\xampppp\htdocs\ProyectoFinal\system\Database\MySQLi\Connection.php:201
Stack trace:
#0 C:\xampppp\htdocs\ProyectoFinal\system\Database\MySQLi\Connection.php(201): mysqli->real_connect('localhost', 'root', Object(SensitiveParameterValue), 'bd_furiagol', 3306, '', 0)
#1 C:\xampppp\htdocs\ProyectoFinal\system\Database\BaseConnection.php(419): CodeIgniter\Database\MySQLi\Connection->connect(false)
#2 C:\xampppp\htdocs\ProyectoFinal\system\Database\BaseConnection.php(614): CodeIgniter\Database\BaseConnection->initialize()
#3 C:\xampppp\htdocs\ProyectoFinal\system\Database\BaseBuilder.php(1649): CodeIgniter\Database\BaseConnection->query('SELECT *\nFROM `...', Array, false)
#4 C:\xampppp\htdocs\ProyectoFinal\system\Model.php(330): CodeIgniter\Database\BaseBuilder->get()
#5 C:\xampppp\htdocs\ProyectoFinal\system\BaseModel.php(715): CodeIgniter\Model->doFirst()
#6 C:\xampppp\htdocs\ProyectoFinal\app\Controllers\AdministradorController.php(19): CodeIgniter\BaseModel->first()
#7 C:\xampppp\htdocs\ProyectoFinal\system\CodeIgniter.php(933): App\Controllers\AdministradorController->index()
#8 C:\xampppp\htdocs\ProyectoFinal\system\CodeIgniter.php(507): CodeIgniter\CodeIgniter->runController(Object(App\Controllers\AdministradorController))
#9 C:\xampppp\htdocs\ProyectoFinal\system\CodeIgniter.php(354): CodeIgniter\CodeIgniter->handleRequest(NULL, Object(Config\Cache), false)
#10 C:\xampppp\htdocs\ProyectoFinal\system\Boot.php(363): CodeIgniter\CodeIgniter->run()
#11 C:\xampppp\htdocs\ProyectoFinal\system\Boot.php(68): CodeIgniter\Boot::runCodeIgniter(Object(CodeIgniter\CodeIgniter))
#12 C:\xampppp\htdocs\ProyectoFinal\public\index.php(59): CodeIgniter\Boot::bootWeb(Object(Config\Paths))
#13 {main}

Next CodeIgniter\Database\Exceptions\DatabaseException: Access denied for user '****'@'localhost' (using password: YES) in C:\xampppp\htdocs\ProyectoFinal\system\Database\MySQLi\Connection.php:246
Stack trace:
#0 C:\xampppp\htdocs\ProyectoFinal\system\Database\BaseConnection.php(419): CodeIgniter\Database\MySQLi\Connection->connect(false)
#1 C:\xampppp\htdocs\ProyectoFinal\system\Database\BaseConnection.php(614): CodeIgniter\Database\BaseConnection->initialize()
#2 C:\xampppp\htdocs\ProyectoFinal\system\Database\BaseBuilder.php(1649): CodeIgniter\Database\BaseConnection->query('SELECT *\nFROM `...', Array, false)
#3 C:\xampppp\htdocs\ProyectoFinal\system\Model.php(330): CodeIgniter\Database\BaseBuilder->get()
#4 C:\xampppp\htdocs\ProyectoFinal\system\BaseModel.php(715): CodeIgniter\Model->doFirst()
#5 C:\xampppp\htdocs\ProyectoFinal\app\Controllers\AdministradorController.php(19): CodeIgniter\BaseModel->first()
#6 C:\xampppp\htdocs\ProyectoFinal\system\CodeIgniter.php(933): App\Controllers\AdministradorController->index()
#7 C:\xampppp\htdocs\ProyectoFinal\system\CodeIgniter.php(507): CodeIgniter\CodeIgniter->runController(Object(App\Controllers\AdministradorController))
#8 C:\xampppp\htdocs\ProyectoFinal\system\CodeIgniter.php(354): CodeIgniter\CodeIgniter->handleRequest(NULL, Object(Config\Cache), false)
#9 C:\xampppp\htdocs\ProyectoFinal\system\Boot.php(363): CodeIgniter\CodeIgniter->run()
#10 C:\xampppp\htdocs\ProyectoFinal\system\Boot.php(68): CodeIgniter\Boot::runCodeIgniter(Object(CodeIgniter\CodeIgniter))
#11 C:\xampppp\htdocs\ProyectoFinal\public\index.php(59): CodeIgniter\Boot::bootWeb(Object(Config\Paths))
#12 {main}
CRITICAL - 2025-11-10 02:39:43 --> CodeIgniter\Database\Exceptions\DatabaseException: Unable to connect to the database.
Main connection [MySQLi]: Access denied for user '****'@'localhost' (using password: YES)
[Method: POST, Route: iniciar_sesion]
in SYSTEMPATH\Database\BaseConnection.php on line 465.
 1 SYSTEMPATH\Database\BaseConnection.php(614): CodeIgniter\Database\BaseConnection->initialize()
 2 SYSTEMPATH\Database\BaseBuilder.php(1649): CodeIgniter\Database\BaseConnection->query('SELECT *
FROM `administrador`
WHERE `email` = :email:
AND `password` = :password:
 LIMIT 1', [...], false)
 3 SYSTEMPATH\Model.php(330): CodeIgniter\Database\BaseBuilder->get()
 4 SYSTEMPATH\BaseModel.php(715): CodeIgniter\Model->doFirst()
 5 APPPATH\Controllers\AdministradorController.php(19): CodeIgniter\BaseModel->first()
 6 SYSTEMPATH\CodeIgniter.php(933): App\Controllers\AdministradorController->index()
 7 SYSTEMPATH\CodeIgniter.php(507): CodeIgniter\CodeIgniter->runController(Object(App\Controllers\AdministradorController))
 8 SYSTEMPATH\CodeIgniter.php(354): CodeIgniter\CodeIgniter->handleRequest(null, Object(Config\Cache), false)
 9 SYSTEMPATH\Boot.php(363): CodeIgniter\CodeIgniter->run()
10 SYSTEMPATH\Boot.php(68): CodeIgniter\Boot::runCodeIgniter(Object(CodeIgniter\CodeIgniter))
11 FCPATH\index.php(59): CodeIgniter\Boot::bootWeb(Object(Config\Paths))
CRITICAL - 2025-11-10 03:24:12 --> ParseError: syntax error, unexpected token "}", expecting ";"
[Method: POST, Route: iniciar_sesion]
in APPPATH\Controllers\AdministradorController.php on line 38.
 1 SYSTEMPATH\Autoloader\Autoloader.php(295): CodeIgniter\Autoloader\Autoloader->includeFile('C:\\xampppp\\htdocs\\ProyectoFinal\\app\\Controllers\\AdministradorController.php')
 2 SYSTEMPATH\Autoloader\Autoloader.php(271): CodeIgniter\Autoloader\Autoloader->loadInNamespace('App\\Controllers\\AdministradorController')
 3 [internal function]: CodeIgniter\Autoloader\Autoloader->loadClass('App\\Controllers\\AdministradorController')
 4 SYSTEMPATH\CodeIgniter.php(885): class_exists('\\App\\Controllers\\AdministradorController', true)
 5 SYSTEMPATH\CodeIgniter.php(494): CodeIgniter\CodeIgniter->startController()
 6 SYSTEMPATH\CodeIgniter.php(354): CodeIgniter\CodeIgniter->handleRequest(null, Object(Config\Cache), false)
 7 SYSTEMPATH\Boot.php(363): CodeIgniter\CodeIgniter->run()
 8 SYSTEMPATH\Boot.php(68): CodeIgniter\Boot::runCodeIgniter(Object(CodeIgniter\CodeIgniter))
 9 FCPATH\index.php(59): CodeIgniter\Boot::bootWeb(Object(Config\Paths))
CRITICAL - 2025-11-10 03:25:32 --> ParseError: syntax error, unexpected token "}", expecting ";"
[Method: POST, Route: iniciar_sesion]
in APPPATH\Controllers\AdministradorController.php on line 38.
 1 SYSTEMPATH\Autoloader\Autoloader.php(295): CodeIgniter\Autoloader\Autoloader->includeFile('C:\\xampppp\\htdocs\\ProyectoFinal\\app\\Controllers\\AdministradorController.php')
 2 SYSTEMPATH\Autoloader\Autoloader.php(271): CodeIgniter\Autoloader\Autoloader->loadInNamespace('App\\Controllers\\AdministradorController')
 3 [internal function]: CodeIgniter\Autoloader\Autoloader->loadClass('App\\Controllers\\AdministradorController')
 4 SYSTEMPATH\CodeIgniter.php(885): class_exists('\\App\\Controllers\\AdministradorController', true)
 5 SYSTEMPATH\CodeIgniter.php(494): CodeIgniter\CodeIgniter->startController()
 6 SYSTEMPATH\CodeIgniter.php(354): CodeIgniter\CodeIgniter->handleRequest(null, Object(Config\Cache), false)
 7 SYSTEMPATH\Boot.php(363): CodeIgniter\CodeIgniter->run()
 8 SYSTEMPATH\Boot.php(68): CodeIgniter\Boot::runCodeIgniter(Object(CodeIgniter\CodeIgniter))
 9 FCPATH\index.php(59): CodeIgniter\Boot::bootWeb(Object(Config\Paths))
